android/app/build/outputs/logs/manifest-merger-debug-report.txt
-- Merging decision tree log ---
manifest
ADDED from src\main\AndroidManifest.xml:2:1-35:12
INJECTED from src\main\AndroidManifest.xml:2:1-35:12
INJECTED from src\main\AndroidManifest.xml:2:1-35:12
INJECTED from src\main\AndroidManifest.xml:2:1-35:12
	package
		ADDED from src\main\AndroidManifest.xml:2:70-95
		INJECTED from src\main\AndroidManifest.xml
	android:versionName
		ADDED from src\main\AndroidManifest.xml:2:121-148
		INJECTED from src\main\AndroidManifest.xml
	xmlns:android
		ADDED from src\main\AndroidManifest.xml:2:11-69
	android:versionCode
		ADDED from src\main\AndroidManifest.xml:2:96-120
		INJECTED from src\main\AndroidManifest.xml
uses-sdk
ADDED from src\main\AndroidManifest.xml:3:5-43
INJECTED from src\main\AndroidManifest.xml:3:5-43
INJECTED from src\main\AndroidManifest.xml:3:5-43
	android:targetSdkVersion
		INJECTED from src\main\AndroidManifest.xml
	android:minSdkVersion
		ADDED from src\main\AndroidManifest.xml:3:15-40
		INJECTED from src\main\AndroidManifest.xml
application
ADDED from src\main\AndroidManifest.xml:4:5-29:19
INJECTED from src\main\AndroidManifest.xml:4:5-29:19
	android:extractNativeLibs
		INJECTED from src\main\AndroidManifest.xml
	android:label
		ADDED from src\main\AndroidManifest.xml:4:18-50
	android:allowTaskReparenting
		ADDED from src\main\AndroidManifest.xml:4:86-121
	android:icon
		ADDED from src\main\AndroidManifest.xml:4:51-85
receiver#droid.emergency.EmergencyAppWidgetProvider
ADDED from src\main\AndroidManifest.xml:6:9-11:20
	android:label
		ADDED from src\main\AndroidManifest.xml:6:101-133
	android:exported
		ADDED from src\main\AndroidManifest.xml:6:77-100
	android:name
		ADDED from src\main\AndroidManifest.xml:6:19-76
intent-filter#action:name:android.appwidget.action.APPWIDGET_UPDATE
ADDED from src\main\AndroidManifest.xml:7:13-9:29
action#android.appwidget.action.APPWIDGET_UPDATE
ADDED from src\main\AndroidManifest.xml:8:17-84
	android:name
		ADDED from src\main\AndroidManifest.xml:8:25-81
meta-data#android.appwidget.provider
ADDED from src\main\AndroidManifest.xml:10:13-130
	android:resource
		ADDED from src\main\AndroidManifest.xml:10:90-127
	android:exported
		ADDED from src\main\AndroidManifest.xml:10:66-89
	android:name
		ADDED from src\main\AndroidManifest.xml:10:24-65
service#droid.emergency.EmergencyService
ADDED from src\main\AndroidManifest.xml:13:9-17:19
	android:label
		ADDED from src\main\AndroidManifest.xml:13:90-122
	android:exported
		ADDED from src\main\AndroidManifest.xml:13:66-89
	android:name
		ADDED from src\main\AndroidManifest.xml:13:18-65
intent-filter#action:name:droid.emergency.EmergencyService.ACTION_BTNCLICK
ADDED from src\main\AndroidManifest.xml:14:13-16:29
action#droid.emergency.EmergencyService.ACTION_BTNCLICK
ADDED from src\main\AndroidManifest.xml:15:17-91
	android:name
		ADDED from src\main\AndroidManifest.xml:15:25-88
provider#droid.emergency.EmergencyContentProvider
ADDED from src\main\AndroidManifest.xml:19:9-20:20
	android:authorities
		ADDED from src\main\AndroidManifest.xml:19:75-122
	android:name
		ADDED from src\main\AndroidManifest.xml:19:19-74
activity#droid.emergency.EmergencyActivity
ADDED from src\main\AndroidManifest.xml:22:9-27:20
	android:label
		ADDED from src\main\AndroidManifest.xml:22:76-113
	android:exported
		ADDED from src\main\AndroidManifest.xml:22:52-75
	android:name
		ADDED from src\main\AndroidManifest.xml:22:19-51
intent-filter#action:name:android.intent.action.MAIN+category:name:android.intent.category.LAUNCHER
ADDED from src\main\AndroidManifest.xml:23:13-26:29
action#android.intent.action.MAIN
ADDED from src\main\AndroidManifest.xml:24:17-69
	android:name
		ADDED from src\main\AndroidManifest.xml:24:25-66
category#android.intent.category.LAUNCHER
ADDED from src\main\AndroidManifest.xml:25:17-77
	android:name
		ADDED from src\main\AndroidManifest.xml:25:27-74
uses-permission#android.permission.INTERNET
ADDED from src\main\AndroidManifest.xml:30:2-63
	android:name
		ADDED from src\main\AndroidManifest.xml:30:19-61
uses-permission#android.permission.ACCESS_NETWORK_STATE
ADDED from src\main\AndroidManifest.xml:31:2-75
	android:name
		ADDED from src\main\AndroidManifest.xml:31:19-73
uses-permission#android.permission.ACCESS_FINE_LOCATION
ADDED from src\main\AndroidManifest.xml:32:5-78
	android:name
		ADDED from src\main\AndroidManifest.xml:32:22-76
uses-permission#android.permission.ACCESS_COARSE_LOCATION
ADDED from src\main\AndroidManifest.xml:33:5-80
	android:name
		ADDED from src\main\AndroidManifest.xml:33:22-78
uses-permission#android.permission.VIBRATE
ADDED from src\main\AndroidManifest.xml:34:5-65
	android:name
		ADDED from src\main\AndroidManifest.xml:34:22-63